Using pre-set license

 COMMAND LINE ARGUMENTS:
/Applications/Unity/Hub/Editor/2020.2.7f1/Unity.app/Contents/MacOS/Unity
-adb2
-batchMode
-noUpm
-name
AssetImportWorker0
-projectPath
/Users/matt/Documents/Teaching/GameProgramming/GITrepositories/TestingUnity_W2021/ApplePicker2020
-logFile
Logs/AssetImportWorker0.log
-srvPort
63185
Successfully changed project path to: /Users/matt/Documents/Teaching/GameProgramming/GITrepositories/TestingUnity_W2021/ApplePicker2020
/Users/matt/Documents/Teaching/GameProgramming/GITrepositories/TestingUnity_W2021/ApplePicker2020
Using Asset Import Pipeline V2.
Refreshing native plugins compatible for Editor in 21.54 ms, found 1 plugins.
Preloading 0 native plugins for Editor in 0.00 ms.
Initialize engine version: 2020.2.7f1 (c53830e277f1)
[Subsystems] Discovering subsystems at path /Applications/Unity/Hub/Editor/2020.2.7f1/Unity.app/Contents/Resources/UnitySubsystems
[Subsystems] Discovering subsystems at path /Users/matt/Documents/Teaching/GameProgramming/GITrepositories/TestingUnity_W2021/ApplePicker2020/Assets
GfxDevice: creating device client; threaded=0
2021-03-28 14:26:31.103 Unity[85658:12545956] Color LCD preferred device: AMD Radeon Pro 560X (high power)
2021-03-28 14:26:31.103 Unity[85658:12545956] Metal devices available: 2
2021-03-28 14:26:31.103 Unity[85658:12545956] 0: AMD Radeon Pro 560X (high power)
2021-03-28 14:26:31.103 Unity[85658:12545956] 1: Intel(R) UHD Graphics 630 (low power)
2021-03-28 14:26:31.104 Unity[85658:12545956] Using device AMD Radeon Pro 560X (high power)
Initializing Metal device caps: AMD Radeon Pro 560X
Initialize mono
Mono path[0] = '/Applications/Unity/Hub/Editor/2020.2.7f1/Unity.app/Contents/Managed'
Mono path[1] = '/Applications/Unity/Hub/Editor/2020.2.7f1/Unity.app/Contents/MonoBleedingEdge/lib/mono/unityjit'
Mono config path = '/Applications/Unity/Hub/Editor/2020.2.7f1/Unity.app/Contents/MonoBleedingEdge/etc'
Using monoOptions --debugger-agent=transport=dt_socket,embedding=1,server=y,suspend=n,address=127.0.0.1:56658
Begin MonoManager ReloadAssembly
Registering precompiled unity dll's ...
Register platform support module: /Applications/Unity/Hub/Editor/2020.2.7f1/PlaybackEngines/WebGLSupport/UnityEditor.WebGL.Extensions.dll
Register platform support module: /Applications/Unity/Hub/Editor/2020.2.7f1/Unity.app/Contents/PlaybackEngines/MacStandaloneSupport/UnityEditor.OSXStandalone.Extensions.dll
Registered in 0.002545 seconds.
Native extension for OSXStandalone target not found
Native extension for WebGL target not found
Refreshing native plugins compatible for Editor in 19.85 ms, found 1 plugins.
Preloading 0 native plugins for Editor in 0.00 ms.
Invoked RoslynAnalysisRunner static constructor.
RoslynAnalysisRunner will not be running.
RoslynAnalysisRunner has terminated.
Mono: successfully reloaded assembly
- Completed reload, in  1.706 seconds
Platform modules already initialized, skipping
Registering precompiled user dll's ...
Registered in 0.002360 seconds.
Begin MonoManager ReloadAssembly
Native extension for OSXStandalone target not found
Native extension for WebGL target not found
Refreshing native plugins compatible for Editor in 0.20 ms, found 1 plugins.
Preloading 0 native plugins for Editor in 0.00 ms.
Invoked RoslynAnalysisRunner static constructor.
RoslynAnalysisRunner will not be running.
RoslynAnalysisRunner has terminated.
Mono: successfully reloaded assembly
- Completed reload, in  0.976 seconds
Platform modules already initialized, skipping
========================================================================
Worker process is ready to serve import requests
Launching external process: /Applications/Unity/Hub/Editor/2020.2.7f1/Unity.app/Contents/Tools/UnityShaderCompiler
Launched and connected shader compiler UnityShaderCompiler after 0.04 seconds
Refreshing native plugins compatible for Editor in 0.20 ms, found 1 plugins.
Preloading 0 native plugins for Editor in 0.00 ms.
Unloading 1117 Unused Serialized files (Serialized files now loaded: 0)
System memory in use before: 108.7 MB.
System memory in use after: 108.8 MB.

Unloading 9 unused Assets to reduce memory usage. Loaded Objects now: 1560.
Total: 1.647628 ms (FindLiveObjects: 0.145446 ms CreateObjectMapping: 0.028368 ms MarkObjects: 1.406226 ms  DeleteObjects: 0.066527 ms)

========================================================================
Received Import Request.
  path: Assets/Basket.cs
  artifactKey: Guid(06351241a940e4444802f4deb0991a11) Importer(815301076,1909f56bfc062723c751e8b465ee728b)
Start importing Assets/Basket.cs using Guid(06351241a940e4444802f4deb0991a11) Importer(815301076,1909f56bfc062723c751e8b465ee728b)  -> (artifact id: '4694a124cac5990f6db07be4c5551eed') in 0.351350 seconds
  Import took 0.353248 seconds .

========================================================================
Received Import Request.
  Time since last request: 46.127743 seconds.
  path: Assets/Basket.cs
  artifactKey: Guid(06351241a940e4444802f4deb0991a11) Importer(815301076,1909f56bfc062723c751e8b465ee728b)
Start importing Assets/Basket.cs using Guid(06351241a940e4444802f4deb0991a11) Importer(815301076,1909f56bfc062723c751e8b465ee728b)  -> (artifact id: 'c2a1fd871009365a8d4d0272786ff0a3') in 0.001320 seconds
  Import took 0.003583 seconds .

========================================================================
Received Prepare
Registering precompiled user dll's ...
Registered in 0.000334 seconds.
Begin MonoManager ReloadAssembly
Native extension for OSXStandalone target not found
Native extension for WebGL target not found
Refreshing native plugins compatible for Editor in 0.21 ms, found 1 plugins.
Preloading 0 native plugins for Editor in 0.00 ms.
Invoked RoslynAnalysisRunner static constructor.
RoslynAnalysisRunner will not be running.
RoslynAnalysisRunner has terminated.
Mono: successfully reloaded assembly
- Completed reload, in  0.972 seconds
Platform modules already initialized, skipping
Refreshing native plugins compatible for Editor in 0.21 ms, found 1 plugins.
Preloading 0 native plugins for Editor in 0.00 ms.
Unloading 1112 Unused Serialized files (Serialized files now loaded: 0)
System memory in use before: 110.0 MB.
System memory in use after: 110.1 MB.

Unloading 4 unused Assets to reduce memory usage. Loaded Objects now: 1563.
Total: 1.786344 ms (FindLiveObjects: 0.158587 ms CreateObjectMapping: 0.038168 ms MarkObjects: 1.571932 ms  DeleteObjects: 0.016633 ms)

